<?xml version="1.0" encoding="UTF-8"?>
<!-- Generated by org.testng.reporters.JUnitReportReporter -->
<testsuite hostname="W5CG8235CXD" failures="0" tests="1" name="myRestAssureLearning.apiTesting.AppTest" time="2.751" errors="0" timestamp="2024-09-05T17:51:07 IST" skipped="0">
  <testcase classname="myRestAssureLearning.apiTesting.AppTest" name="getUsers" time="2.751"/>
  <system-out/>
</testsuite> <!-- myRestAssureLearning.apiTesting.AppTest -->
