<?xml version="1.0" encoding="UTF-8"?>
<!-- Generated by org.testng.reporters.JUnitReportReporter -->
<testsuite hostname="W5CG8235CXD" failures="0" tests="1" name="waysOfLogging.LogsDemo" time="2.951" errors="0" timestamp="2024-09-06T18:29:21 IST" skipped="0">
  <testcase classname="waysOfLogging.LogsDemo" name="testLogAll" time="2.951"/>
  <system-out/>
</testsuite> <!-- waysOfLogging.LogsDemo -->
