<?xml version="1.0" encoding="UTF-8"?>
<!-- Generated by org.testng.reporters.JUnitReportReporter -->
<testsuite hostname="W5CG8235CXD" failures="0" tests="1" name="dataGeneration.FakerDataGenerator" time="0.228" errors="0" timestamp="2024-09-13T13:29:42 IST" skipped="0">
  <testcase classname="dataGeneration.FakerDataGenerator" name="testGenerateDummyData" time="0.228"/>
  <system-out/>
</testsuite> <!-- dataGeneration.FakerDataGenerator -->
