<?xml version="1.0" encoding="UTF-8"?>
<!-- Generated by org.testng.reporters.JUnitReportReporter -->
<testsuite hostname="W5CG8235CXD" failures="0" tests="1" name="schemaValidation.SchemaValidations" time="3.661" errors="0" timestamp="2024-09-12T19:15:06 IST" skipped="0">
  <testcase classname="schemaValidation.SchemaValidations" name="jsonSchemaValidation" time="3.661"/>
  <system-out/>
</testsuite> <!-- schemaValidation.SchemaValidations -->
