<?xml version="1.0" encoding="UTF-8"?>
<!-- Generated by org.testng.reporters.JUnitReportReporter -->
<testsuite hostname="W5CG8235CXD" failures="0" tests="1" name="myLearningReference.differentWaysOfCreatingRequest.PostReqUsingExtJSONFile" time="5.157" errors="0" timestamp="2024-09-06T16:03:21 IST" skipped="0">
  <testcase classname="myLearningReference.differentWaysOfCreatingRequest.PostReqUsingExtJSONFile" name="postUserUsingExtJsonFile" time="5.157"/>
  <system-out/>
</testsuite> <!-- myLearningReference.differentWaysOfCreatingRequest.PostReqUsingExtJSONFile -->
