<?xml version="1.0" encoding="UTF-8"?>
<!-- Generated by org.testng.reporters.JUnitReportReporter -->
<testsuite hostname="W5CG8235CXD" failures="0" tests="1" name="parsingJSONResponse.ParsingJSONResponseDataExampleOne" time="1.464" errors="0" timestamp="2024-09-12T14:41:59 IST" skipped="0">
  <testcase classname="parsingJSONResponse.ParsingJSONResponseDataExampleOne" name="testJSONResponse" time="1.464"/>
  <system-out/>
</testsuite> <!-- parsingJSONResponse.ParsingJSONResponseDataExampleOne -->
