<?xml version="1.0" encoding="UTF-8"?>
<!-- Generated by org.testng.reporters.JUnitReportReporter -->
<testsuite hostname="W5CG8235CXD" failures="0" tests="1" name="myLearningReference.differentWaysOfCreatingRequest.PostReqUsingOrgJson" time="2.277" errors="0" timestamp="2024-09-06T12:45:01 IST" skipped="0">
  <testcase classname="myLearningReference.differentWaysOfCreatingRequest.PostReqUsingOrgJson" name="postUserUsingOrgJson" time="2.277"/>
  <system-out/>
</testsuite> <!-- myLearningReference.differentWaysOfCreatingRequest.PostReqUsingOrgJson -->
