<?xml version="1.0" encoding="UTF-8"?>
<!-- Generated by org.testng.reporters.JUnitReportReporter -->
<testsuite hostname="W5CG8235CXD" failures="0" tests="1" name="myLearningReference.differentWaysOfCreatingRequest.PostRequestUsingHashMap" time="2.492" errors="0" timestamp="2024-09-06T11:51:44 IST" skipped="0">
  <testcase classname="myLearningReference.differentWaysOfCreatingRequest.PostRequestUsingHashMap" name="postUserUsingHashMap" time="2.492"/>
  <system-out/>
</testsuite> <!-- myLearningReference.differentWaysOfCreatingRequest.PostRequestUsingHashMap -->
