<?xml version="1.0" encoding="UTF-8"?>
<!-- Generated by org.testng.reporters.JUnitReportReporter -->
<testsuite hostname="W5CG8235CXD" failures="0" tests="2" name="SerializationDeserialization.Serialization" time="0.298" errors="0" timestamp="2024-09-13T11:32:45 IST" skipped="0">
  <testcase classname="SerializationDeserialization.Serialization" name="convertPojoToJson" time="0.266"/>
  <system-out/>
  <testcase classname="SerializationDeserialization.Serialization" name="convertJsonToPojo" time="0.032"/>
  <system-out/>
</testsuite> <!-- SerializationDeserialization.Serialization -->
