<?xml version="1.0" encoding="UTF-8"?>
<!-- Generated by org.testng.reporters.JUnitReportReporter -->
<testsuite hostname="W5CG8235CXD" failures="0" tests="1" name="parsingXMLResponse.ParsingXMLRDAppoachTwo" time="3.426" errors="0" timestamp="2024-09-12T16:11:56 IST" skipped="0">
  <testcase classname="parsingXMLResponse.ParsingXMLRDAppoachTwo" name="testJSONResponse" time="3.426"/>
  <system-out/>
</testsuite> <!-- parsingXMLResponse.ParsingXMLRDAppoachTwo -->
