<?xml version="1.0" encoding="UTF-8"?>
<!-- Generated by org.testng.reporters.JUnitReportReporter -->
<testsuite hostname="W5CG8235CXD" failures="0" tests="1" name="pathAndQueryParameters.PathAndQueryParams" time="1.812" errors="0" timestamp="2024-09-06T17:28:11 IST" skipped="0">
  <testcase classname="pathAndQueryParameters.PathAndQueryParams" name="testPathAndQueryParams" time="1.812"/>
  <system-out/>
</testsuite> <!-- pathAndQueryParameters.PathAndQueryParams -->
