<?xml version="1.0" encoding="UTF-8"?>
<!-- Generated by org.testng.reporters.JUnitReportReporter -->
<testsuite hostname="W5CG8235CXD" failures="0" tests="1" name="myLearningReference.differentWaysOfCreatingRequest.PostReqUsingPojo" time="2.566" errors="0" timestamp="2024-09-06T13:01:26 IST" skipped="0">
  <testcase classname="myLearningReference.differentWaysOfCreatingRequest.PostReqUsingPojo" name="postUserUsingOrgJson" time="2.566"/>
  <system-out/>
</testsuite> <!-- myLearningReference.differentWaysOfCreatingRequest.PostReqUsingPojo -->
