<?xml version="1.0" encoding="UTF-8"?>
<!-- Generated by org.testng.reporters.JUnitReportReporter -->
<testsuite hostname="W5CG8235CXD" failures="0" tests="2" name="api.tests.DataDriveTests" time="0.000" errors="0" timestamp="2024-09-18T15:35:02 IST" skipped="2">
  <testcase classname="api.tests.DataDriveTests" name="testPostuser" time="0.000">
    <skipped/>
  </testcase> <!-- testPostuser -->
  <system-out/>
  <testcase classname="api.tests.DataDriveTests" name="testDeleteUserByName" time="0.000">
    <skipped/>
  </testcase> <!-- testDeleteUserByName -->
  <system-out/>
</testsuite> <!-- api.tests.DataDriveTests -->
