<?xml version="1.0" encoding="UTF-8"?>
<!-- Generated by org.testng.reporters.JUnitReportReporter -->
<testsuite hostname="W5CG8235CXD" failures="0" tests="4" name="api.tests.UserTestswithPropFile" time="5.509" errors="0" timestamp="2024-09-18T16:49:32 IST" skipped="0">
  <testcase classname="api.tests.UserTestswithPropFile" name="test_PostUser" time="1.117"/>
  <system-out/>
  <testcase classname="api.tests.UserTestswithPropFile" name="test_getUserByName" time="1.084"/>
  <system-out/>
  <testcase classname="api.tests.UserTestswithPropFile" name="test_updateUserByUserName" time="2.231"/>
  <system-out/>
  <testcase classname="api.tests.UserTestswithPropFile" name="test_deleteUserByName" time="1.077"/>
  <system-out/>
</testsuite> <!-- api.tests.UserTestswithPropFile -->
