<?xml version="1.0" encoding="UTF-8"?>
<!-- Generated by org.testng.reporters.JUnitReportReporter -->
<testsuite hostname="W5CG8235CXD" failures="0" tests="4" name="api.tests.UserTests" time="7.658" errors="0" timestamp="2024-09-18T16:49:32 IST" skipped="0">
  <testcase classname="api.tests.UserTests" name="test_PostUser" time="3.159"/>
  <system-out/>
  <testcase classname="api.tests.UserTests" name="test_getUserByName" time="1.156"/>
  <system-out/>
  <testcase classname="api.tests.UserTests" name="test_updateUserByUserName" time="2.239"/>
  <system-out/>
  <testcase classname="api.tests.UserTests" name="test_deleteUserByName" time="1.104"/>
  <system-out/>
</testsuite> <!-- api.tests.UserTests -->
