<?xml version="1.0" encoding="UTF-8"?>
<!-- Generated by org.testng.reporters.JUnitReportReporter -->
<testsuite hostname="W5CG8235CXD" failures="0" tests="3" name="cookiesAndHeaders.HeadersDemo" time="3.891" errors="0" timestamp="2024-09-06T18:20:13 IST" skipped="0">
  <testcase classname="cookiesAndHeaders.HeadersDemo" name="verifyHeadersDemo" time="2.734"/>
  <system-out/>
  <testcase classname="cookiesAndHeaders.HeadersDemo" name="testGetHeaderInfo" time="0.566"/>
  <system-out/>
  <testcase classname="cookiesAndHeaders.HeadersDemo" name="testGetAllHeadersInfo" time="0.591"/>
  <system-out/>
</testsuite> <!-- cookiesAndHeaders.HeadersDemo -->
