<?xml version="1.0" encoding="UTF-8"?>
<!-- Generated by org.testng.reporters.JUnitReportReporter -->
<testsuite hostname="W5CG8235CXD" failures="0" tests="1" name="parsingXMLResponse.ParsingXMLRDApproachOne" time="3.547" errors="0" timestamp="2024-09-12T15:59:03 IST" skipped="0">
  <testcase classname="parsingXMLResponse.ParsingXMLRDApproachOne" name="testJSONResponse" time="3.547"/>
  <system-out/>
</testsuite> <!-- parsingXMLResponse.ParsingXMLRDApproachOne -->
