<?xml version="1.0" encoding="UTF-8"?>
<!-- Generated by org.testng.reporters.JUnitReportReporter -->
<testsuite hostname="W5CG8235CXD" failures="0" tests="2" name="authorization.Authorization" time="5.263" errors="0" timestamp="2024-09-13T11:54:28 IST" skipped="0">
  <testcase classname="authorization.Authorization" name="testBasicAuthentication" time="3.942"/>
  <system-out/>
  <testcase classname="authorization.Authorization" name="testDigestAuthentication" time="1.321"/>
  <system-out/>
</testsuite> <!-- authorization.Authorization -->
