<?xml version="1.0" encoding="UTF-8"?>
<!-- Generated by org.testng.reporters.JUnitReportReporter -->
<testsuite hostname="W5CG8235CXD" failures="0" tests="1" name="parsingJSONResponse.ParsingJSONResponseDataApproachTwo" time="3.376" errors="0" timestamp="2024-09-12T12:39:19 IST" skipped="0">
  <testcase classname="parsingJSONResponse.ParsingJSONResponseDataApproachTwo" name="testJSONResponse" time="3.376"/>
  <system-out/>
</testsuite> <!-- parsingJSONResponse.ParsingJSONResponseDataApproachTwo -->
