<?xml version="1.0" encoding="UTF-8"?>
<!-- Generated by org.testng.reporters.JUnitReportReporter -->
<testsuite hostname="W5CG8235CXD" failures="0" tests="6" name="api.tests.DataDrivenTests" time="6.737" errors="0" timestamp="2024-09-18T16:49:32 IST" skipped="0">
  <testcase classname="api.tests.DataDrivenTests" name="testPostuser" time="1.106"/>
  <system-out/>
  <testcase classname="api.tests.DataDrivenTests" name="testPostuser" time="1.221"/>
  <system-out/>
  <testcase classname="api.tests.DataDrivenTests" name="testPostuser" time="1.133"/>
  <system-out/>
  <testcase classname="api.tests.DataDrivenTests" name="testDeleteUserByName" time="1.113"/>
  <system-out/>
  <testcase classname="api.tests.DataDrivenTests" name="testDeleteUserByName" time="1.089"/>
  <system-out/>
  <testcase classname="api.tests.DataDrivenTests" name="testDeleteUserByName" time="1.075"/>
  <system-out/>
</testsuite> <!-- api.tests.DataDrivenTests -->
