<?xml version="1.0" encoding="UTF-8"?>
<!-- Generated by org.testng.reporters.JUnitReportReporter -->
<testsuite hostname="W5CG8235CXD" failures="0" tests="4" name="myLearningReference.HTTPRequest" time="4.314" errors="0" timestamp="2024-09-05T18:22:42 IST" skipped="0">
  <testcase classname="myLearningReference.HTTPRequest" name="createUser" time="2.975"/>
  <system-out/>
  <testcase classname="myLearningReference.HTTPRequest" name="updateUser" time="0.521"/>
  <system-out/>
  <testcase classname="myLearningReference.HTTPRequest" name="deleteUser" time="0.516"/>
  <system-out/>
  <testcase classname="myLearningReference.HTTPRequest" name="getUsers" time="0.302"/>
  <system-out/>
</testsuite> <!-- myLearningReference.HTTPRequest -->
