<?xml version="1.0" encoding="UTF-8"?>
<!-- Generated by org.testng.reporters.JUnitReportReporter -->
<testsuite hostname="W5CG8235CXD" failures="0" tests="1" name="apiChaining.CreateUser" time="2.814" errors="0" timestamp="2024-09-13T18:11:27 IST" skipped="0">
  <testcase classname="apiChaining.CreateUser" name="test_CreateUser" time="2.814"/>
  <system-out/>
</testsuite> <!-- apiChaining.CreateUser -->
