<?xml version="1.0" encoding="UTF-8"?>
<!-- Generated by org.testng.reporters.JUnitReportReporter -->
<testsuite hostname="W5CG8235CXD" failures="0" tests="6" name="api.tests.DataDrivenTests" time="6.644" errors="0" timestamp="2024-09-18T17:04:00 IST" skipped="0">
  <testcase classname="api.tests.DataDrivenTests" name="testPostuser" time="1.166"/>
  <system-out/>
  <testcase classname="api.tests.DataDrivenTests" name="testPostuser" time="1.077"/>
  <system-out/>
  <testcase classname="api.tests.DataDrivenTests" name="testPostuser" time="1.086"/>
  <system-out/>
  <testcase classname="api.tests.DataDrivenTests" name="testDeleteUserByName" time="1.143"/>
  <system-out/>
  <testcase classname="api.tests.DataDrivenTests" name="testDeleteUserByName" time="1.084"/>
  <system-out/>
  <testcase classname="api.tests.DataDrivenTests" name="testDeleteUserByName" time="1.088"/>
  <system-out/>
</testsuite> <!-- api.tests.DataDrivenTests -->
